<?xml version="1.0" encoding="UTF-8"?>
<!-- Generated by org.testng.reporters.JUnitReportReporter -->
<testsuite ignored="0" hostname="prasads-MacBook-Air.local" failures="0" tests="4" name="api.test.UserTests" time="5.124" errors="0" timestamp="03 Apr 2024 22:44:59 GMT" skipped="0">
  <testcase classname="api.test.UserTests" name="testGetUserByName" time="0.670"/>
  <testcase classname="api.test.UserTests" name="testDeleteUserByName" time="0.597"/>
  <testcase classname="api.test.UserTests" name="testUpdateUser" time="1.264"/>
  <testcase classname="api.test.UserTests" name="testPostUser" time="2.593"/>
</testsuite> <!-- api.test.UserTests -->
