<?xml version="1.0" encoding="UTF-8"?>
<!-- Generated by org.testng.reporters.JUnitReportReporter -->
<testsuite ignored="0" hostname="prasads-MacBook-Air.local" failures="0" tests="4" name="Test001" time="3.720" errors="0" timestamp="03 Apr 2024 11:10:07 GMT" skipped="0">
  <testcase classname="Test001" name="updateUser" time="0.175"/>
  <testcase classname="Test001" name="deleteUser" time="0.169"/>
  <testcase classname="Test001" name="getSingleUser" time="2.877"/>
  <testcase classname="Test001" name="createUser" time="0.499"/>
</testsuite> <!-- Test001 -->
