<?xml version="1.0" encoding="UTF-8"?>
<!-- Generated by org.testng.reporters.JUnitReportReporter -->
<testsuite ignored="0" hostname="prasads-MacBook-Air.local" failures="0" tests="2" name="api.test.UserTests" time="3.389" errors="0" timestamp="03 Apr 2024 12:49:08 GMT" skipped="0">
  <testcase classname="api.test.UserTests" name="testGetUserByName" time="0.674"/>
  <testcase classname="api.test.UserTests" name="testPostUser" time="2.715"/>
</testsuite> <!-- api.test.UserTests -->
